# JRE version: Java(TM) SE Runtime Environment (21.0.4+8) (build 21.0.4+8-LTS-274)
# Java VM: Java HotSpot(TM) 64-Bit Server VM (21.0.4+8-LTS-274, mixed mode, emulated-client, sharing, tiered, compressed oops, compressed class ptrs, g1 gc, windows-amd64)
GC Precious Log:
 CardTable entry size: 512
 Card Set container configuration: InlinePtr #cards 4 size 8 Array Of Cards #cards 64 size 144 Howl #buckets 8 coarsen threshold 14745 Howl Bitmap #cards 2048 size 272 coarsen threshold 1843 Card regions per heap region 1 cards per card region 16384
 CPUs: 20 total, 20 available
 Memory: 40600M
 Large Page Support: Disabled
 NUMA Support: Disabled
 Compressed Oops: Enabled (Zero based)
 Heap Region Size: 8M
 Heap Min Capacity: 8M
 Heap Initial Capacity: 640M
 Heap Max Capacity: 10152M
 Pre-touch: Disabled
 Parallel Workers: 15
 Concurrent Workers: 4
 Concurrent Refinement Workers: 15
 Periodic GC: Disabled
Heap:
 garbage-first heap   total 114688K, used 58029K [0x0000000585800000, 0x0000000800000000)
  region size 8192K, 5 young (40960K), 1 survivors (8192K)
 Metaspace       used 78363K, committed 78976K, reserved 1179648K
  class space    used 10230K, committed 10496K, reserved 1048576K
GC Heap History (20 events):
Event: 2.430 GC heap before
{Heap before GC invocations=5 (full 0):
 garbage-first heap   total 114688K, used 59969K [0x0000000585800000, 0x0000000800000000)
  region size 8192K, 7 young (57344K), 1 survivors (8192K)
 Metaspace       used 26086K, committed 26560K, reserved 1114112K
  class space    used 3487K, committed 3712K, reserved 1048576K
}
Event: 2.435 GC heap after
{Heap after GC invocations=6 (full 0):
 garbage-first heap   total 114688K, used 21697K [0x0000000585800000, 0x0000000800000000)
  region size 8192K, 1 young (8192K), 1 survivors (8192K)
 Metaspace       used 26086K, committed 26560K, reserved 1114112K
  class space    used 3487K, committed 3712K, reserved 1048576K
}
Event: 2.477 GC heap before
{Heap before GC invocations=6 (full 0):
 garbage-first heap   total 114688K, used 21697K [0x0000000585800000, 0x0000000800000000)
  region size 8192K, 2 young (16384K), 1 survivors (8192K)
 Metaspace       used 26401K, committed 26880K, reserved 1114112K
  class space    used 3544K, committed 3776K, reserved 1048576K
}
Event: 2.479 GC heap after
{Heap after GC invocations=7 (full 0):
 garbage-first heap   total 114688K, used 21550K [0x0000000585800000, 0x0000000800000000)
  region size 8192K, 1 young (8192K), 1 survivors (8192K)
 Metaspace       used 26401K, committed 26880K, reserved 1114112K
  class space    used 3544K, committed 3776K, reserved 1048576K
}
Event: 3.165 GC heap before
{Heap before GC invocations=8 (full 0):
 garbage-first heap   total 114688K, used 70702K [0x0000000585800000, 0x0000000800000000)
  region size 8192K, 8 young (65536K), 1 survivors (8192K)
 Metaspace       used 33013K, committed 33600K, reserved 1114112K
  class space    used 4382K, committed 4672K, reserved 1048576K
}
Event: 3.168 GC heap after
{Heap after GC invocations=9 (full 0):
 garbage-first heap   total 114688K, used 25807K [0x0000000585800000, 0x0000000800000000)
  region size 8192K, 1 young (8192K), 1 survivors (8192K)
 Metaspace       used 33013K, committed 33600K, reserved 1114112K
  class space    used 4382K, committed 4672K, reserved 1048576K
}
Event: 4.040 GC heap before
{Heap before GC invocations=9 (full 0):
 garbage-first heap   total 114688K, used 66767K [0x0000000585800000, 0x0000000800000000)
  region size 8192K, 7 young (57344K), 1 survivors (8192K)
 Metaspace       used 44325K, committed 44928K, reserved 1114112K
  class space    used 5936K, committed 6208K, reserved 1048576K
}
Event: 4.046 GC heap after
{Heap after GC invocations=10 (full 0):
 garbage-first heap   total 114688K, used 28856K [0x0000000585800000, 0x0000000800000000)
  region size 8192K, 1 young (8192K), 1 survivors (8192K)
 Metaspace       used 44325K, committed 44928K, reserved 1114112K
  class space    used 5936K, committed 6208K, reserved 1048576K
}
Event: 5.110 GC heap before
{Heap before GC invocations=11 (full 0):
 garbage-first heap   total 114688K, used 86200K [0x0000000585800000, 0x0000000800000000)
  region size 8192K, 8 young (65536K), 1 survivors (8192K)
 Metaspace       used 57726K, committed 58432K, reserved 1114112K
  class space    used 7865K, committed 8192K, reserved 1048576K
}
Event: 5.113 GC heap after
{Heap after GC invocations=12 (full 0):
 garbage-first heap   total 114688K, used 31808K [0x0000000585800000, 0x0000000800000000)
  region size 8192K, 1 young (8192K), 1 survivors (8192K)
 Metaspace       used 57726K, committed 58432K, reserved 1114112K
  class space    used 7865K, committed 8192K, reserved 1048576K
}
Event: 6.040 GC heap before
{Heap before GC invocations=12 (full 0):
 garbage-first heap   total 114688K, used 89152K [0x0000000585800000, 0x0000000800000000)
  region size 8192K, 8 young (65536K), 1 survivors (8192K)
 Metaspace       used 66272K, committed 67072K, reserved 1114112K
  class space    used 8935K, committed 9280K, reserved 1048576K
}
Event: 6.044 GC heap after
{Heap after GC invocations=13 (full 0):
 garbage-first heap   total 114688K, used 35234K [0x0000000585800000, 0x0000000800000000)
  region size 8192K, 1 young (8192K), 1 survivors (8192K)
 Metaspace       used 66272K, committed 67072K, reserved 1114112K
  class space    used 8935K, committed 9280K, reserved 1048576K
}
Event: 13.771 GC heap before
{Heap before GC invocations=13 (full 0):
 garbage-first heap   total 114688K, used 92578K [0x0000000585800000, 0x0000000800000000)
  region size 8192K, 8 young (65536K), 1 survivors (8192K)
 Metaspace       used 69877K, committed 70720K, reserved 1114112K
  class space    used 9447K, committed 9792K, reserved 1048576K
}
Event: 13.777 GC heap after
{Heap after GC invocations=14 (full 0):
 garbage-first heap   total 114688K, used 39261K [0x0000000585800000, 0x0000000800000000)
  region size 8192K, 1 young (8192K), 1 survivors (8192K)
 Metaspace       used 69877K, committed 70720K, reserved 1114112K
  class space    used 9447K, committed 9792K, reserved 1048576K
}
Event: 55.589 GC heap before
{Heap before GC invocations=14 (full 0):
 garbage-first heap   total 114688K, used 96605K [0x0000000585800000, 0x0000000800000000)
  region size 8192K, 8 young (65536K), 1 survivors (8192K)
 Metaspace       used 69885K, committed 70720K, reserved 1114112K
  class space    used 9449K, committed 9792K, reserved 1048576K
}
Event: 55.592 GC heap after
{Heap after GC invocations=15 (full 0):
 garbage-first heap   total 114688K, used 40191K [0x0000000585800000, 0x0000000800000000)
  region size 8192K, 1 young (8192K), 1 survivors (8192K)
 Metaspace       used 69885K, committed 70720K, reserved 1114112K
  class space    used 9449K, committed 9792K, reserved 1048576K
}
Event: 89.561 GC heap before
{Heap before GC invocations=15 (full 0):
 garbage-first heap   total 114688K, used 89343K [0x0000000585800000, 0x0000000800000000)
  region size 8192K, 7 young (57344K), 1 survivors (8192K)
 Metaspace       used 70708K, committed 71552K, reserved 1114112K
  class space    used 9546K, committed 9920K, reserved 1048576K
}
Event: 89.564 GC heap after
{Heap after GC invocations=16 (full 0):
 garbage-first heap   total 114688K, used 40430K [0x0000000585800000, 0x0000000800000000)
  region size 8192K, 1 young (8192K), 1 survivors (8192K)
 Metaspace       used 70708K, committed 71552K, reserved 1114112K
  class space    used 9546K, committed 9920K, reserved 1048576K
}
Event: 89.960 GC heap before
{Heap before GC invocations=16 (full 0):
 garbage-first heap   total 114688K, used 48622K [0x0000000585800000, 0x0000000800000000)
  region size 8192K, 4 young (32768K), 1 survivors (8192K)
 Metaspace       used 74425K, committed 75200K, reserved 1114112K
  class space    used 9859K, committed 10176K, reserved 1048576K
}
Event: 89.961 GC heap after
{Heap after GC invocations=17 (full 0):
 garbage-first heap   total 114688K, used 41645K [0x0000000585800000, 0x0000000800000000)
  region size 8192K, 1 young (8192K), 1 survivors (8192K)
 Metaspace       used 74425K, committed 75200K, reserved 1114112K
  class space    used 9859K, committed 10176K, reserved 1048576K
}

