# JRE version: Java(TM) SE Runtime Environment (21.0.4+8) (build 21.0.4+8-LTS-274)
# Java VM: Java HotSpot(TM) 64-Bit Server VM (21.0.4+8-LTS-274, mixed mode, emulated-client, sharing, tiered, compressed oops, compressed class ptrs, g1 gc, windows-amd64)
GC Precious Log:
 CardTable entry size: 512
 Card Set container configuration: InlinePtr #cards 4 size 8 Array Of Cards #cards 64 size 144 Howl #buckets 8 coarsen threshold 14745 Howl Bitmap #cards 2048 size 272 coarsen threshold 1843 Card regions per heap region 1 cards per card region 16384
 CPUs: 20 total, 20 available
 Memory: 40600M
 Large Page Support: Disabled
 NUMA Support: Disabled
 Compressed Oops: Enabled (Zero based)
 Heap Region Size: 8M
 Heap Min Capacity: 8M
 Heap Initial Capacity: 640M
 Heap Max Capacity: 10152M
 Pre-touch: Disabled
 Parallel Workers: 15
 Concurrent Workers: 4
 Concurrent Refinement Workers: 15
 Periodic GC: Disabled
Heap:
 garbage-first heap   total 114688K, used 43920K [0x0000000585800000, 0x0000000800000000)
  region size 8192K, 2 young (16384K), 1 survivors (8192K)
 Metaspace       used 78727K, committed 79552K, reserved 1179648K
  class space    used 10303K, committed 10624K, reserved 1048576K
GC Heap History (20 events):
Event: 2.654 GC heap before
{Heap before GC invocations=5 (full 0):
 garbage-first heap   total 114688K, used 60237K [0x0000000585800000, 0x0000000800000000)
  region size 8192K, 7 young (57344K), 1 survivors (8192K)
 Metaspace       used 25974K, committed 26496K, reserved 1114112K
  class space    used 3463K, committed 3712K, reserved 1048576K
}
Event: 2.659 GC heap after
{Heap after GC invocations=6 (full 0):
 garbage-first heap   total 114688K, used 21446K [0x0000000585800000, 0x0000000800000000)
  region size 8192K, 1 young (8192K), 1 survivors (8192K)
 Metaspace       used 25974K, committed 26496K, reserved 1114112K
  class space    used 3463K, committed 3712K, reserved 1048576K
}
Event: 2.714 GC heap before
{Heap before GC invocations=6 (full 0):
 garbage-first heap   total 114688K, used 21446K [0x0000000585800000, 0x0000000800000000)
  region size 8192K, 2 young (16384K), 1 survivors (8192K)
 Metaspace       used 26309K, committed 26816K, reserved 1114112K
  class space    used 3528K, committed 3776K, reserved 1048576K
}
Event: 2.716 GC heap after
{Heap after GC invocations=7 (full 0):
 garbage-first heap   total 114688K, used 21763K [0x0000000585800000, 0x0000000800000000)
  region size 8192K, 1 young (8192K), 1 survivors (8192K)
 Metaspace       used 26309K, committed 26816K, reserved 1114112K
  class space    used 3528K, committed 3776K, reserved 1048576K
}
Event: 3.494 GC heap before
{Heap before GC invocations=8 (full 0):
 garbage-first heap   total 114688K, used 79107K [0x0000000585800000, 0x0000000800000000)
  region size 8192K, 8 young (65536K), 1 survivors (8192K)
 Metaspace       used 32985K, committed 33600K, reserved 1114112K
  class space    used 4378K, committed 4672K, reserved 1048576K
}
Event: 3.496 GC heap after
{Heap after GC invocations=9 (full 0):
 garbage-first heap   total 114688K, used 26291K [0x0000000585800000, 0x0000000800000000)
  region size 8192K, 1 young (8192K), 1 survivors (8192K)
 Metaspace       used 32985K, committed 33600K, reserved 1114112K
  class space    used 4378K, committed 4672K, reserved 1048576K
}
Event: 4.524 GC heap before
{Heap before GC invocations=9 (full 0):
 garbage-first heap   total 114688K, used 67251K [0x0000000585800000, 0x0000000800000000)
  region size 8192K, 7 young (57344K), 1 survivors (8192K)
 Metaspace       used 44198K, committed 44800K, reserved 1114112K
  class space    used 5910K, committed 6144K, reserved 1048576K
}
Event: 4.530 GC heap after
{Heap after GC invocations=10 (full 0):
 garbage-first heap   total 114688K, used 29319K [0x0000000585800000, 0x0000000800000000)
  region size 8192K, 1 young (8192K), 1 survivors (8192K)
 Metaspace       used 44198K, committed 44800K, reserved 1114112K
  class space    used 5910K, committed 6144K, reserved 1048576K
}
Event: 5.761 GC heap before
{Heap before GC invocations=11 (full 0):
 garbage-first heap   total 114688K, used 86663K [0x0000000585800000, 0x0000000800000000)
  region size 8192K, 8 young (65536K), 1 survivors (8192K)
 Metaspace       used 57589K, committed 58304K, reserved 1114112K
  class space    used 7851K, committed 8192K, reserved 1048576K
}
Event: 5.764 GC heap after
{Heap after GC invocations=12 (full 0):
 garbage-first heap   total 114688K, used 32390K [0x0000000585800000, 0x0000000800000000)
  region size 8192K, 1 young (8192K), 1 survivors (8192K)
 Metaspace       used 57589K, committed 58304K, reserved 1114112K
  class space    used 7851K, committed 8192K, reserved 1048576K
}
Event: 6.700 GC heap before
{Heap before GC invocations=12 (full 0):
 garbage-first heap   total 114688K, used 89734K [0x0000000585800000, 0x0000000800000000)
  region size 8192K, 8 young (65536K), 1 survivors (8192K)
 Metaspace       used 66367K, committed 67136K, reserved 1114112K
  class space    used 8941K, committed 9280K, reserved 1048576K
}
Event: 6.703 GC heap after
{Heap after GC invocations=13 (full 0):
 garbage-first heap   total 114688K, used 35564K [0x0000000585800000, 0x0000000800000000)
  region size 8192K, 1 young (8192K), 1 survivors (8192K)
 Metaspace       used 66367K, committed 67136K, reserved 1114112K
  class space    used 8941K, committed 9280K, reserved 1048576K
}
Event: 15.017 GC heap before
{Heap before GC invocations=13 (full 0):
 garbage-first heap   total 114688K, used 92908K [0x0000000585800000, 0x0000000800000000)
  region size 8192K, 8 young (65536K), 1 survivors (8192K)
 Metaspace       used 69919K, committed 70784K, reserved 1114112K
  class space    used 9451K, committed 9856K, reserved 1048576K
}
Event: 15.022 GC heap after
{Heap after GC invocations=14 (full 0):
 garbage-first heap   total 114688K, used 39583K [0x0000000585800000, 0x0000000800000000)
  region size 8192K, 1 young (8192K), 1 survivors (8192K)
 Metaspace       used 69919K, committed 70784K, reserved 1114112K
  class space    used 9451K, committed 9856K, reserved 1048576K
}
Event: 40.672 GC heap before
{Heap before GC invocations=14 (full 0):
 garbage-first heap   total 114688K, used 96927K [0x0000000585800000, 0x0000000800000000)
  region size 8192K, 8 young (65536K), 1 survivors (8192K)
 Metaspace       used 73506K, committed 74368K, reserved 1114112K
  class space    used 9819K, committed 10176K, reserved 1048576K
}
Event: 40.676 GC heap after
{Heap after GC invocations=15 (full 0):
 garbage-first heap   total 114688K, used 41548K [0x0000000585800000, 0x0000000800000000)
  region size 8192K, 1 young (8192K), 1 survivors (8192K)
 Metaspace       used 73506K, committed 74368K, reserved 1114112K
  class space    used 9819K, committed 10176K, reserved 1048576K
}
Event: 40.716 GC heap before
{Heap before GC invocations=15 (full 0):
 garbage-first heap   total 114688K, used 41548K [0x0000000585800000, 0x0000000800000000)
  region size 8192K, 2 young (16384K), 1 survivors (8192K)
 Metaspace       used 74220K, committed 75008K, reserved 1114112K
  class space    used 9848K, committed 10176K, reserved 1048576K
}
Event: 40.719 GC heap after
{Heap after GC invocations=16 (full 0):
 garbage-first heap   total 114688K, used 42097K [0x0000000585800000, 0x0000000800000000)
  region size 8192K, 1 young (8192K), 1 survivors (8192K)
 Metaspace       used 74220K, committed 75008K, reserved 1114112K
  class space    used 9848K, committed 10176K, reserved 1048576K
}
Event: 41.161 GC heap before
{Heap before GC invocations=17 (full 0):
 garbage-first heap   total 114688K, used 66673K [0x0000000585800000, 0x0000000800000000)
  region size 8192K, 5 young (40960K), 1 survivors (8192K)
 Metaspace       used 78684K, committed 79488K, reserved 1179648K
  class space    used 10297K, committed 10624K, reserved 1048576K
}
Event: 41.164 GC heap after
{Heap after GC invocations=18 (full 0):
 garbage-first heap   total 114688K, used 43920K [0x0000000585800000, 0x0000000800000000)
  region size 8192K, 1 young (8192K), 1 survivors (8192K)
 Metaspace       used 78684K, committed 79488K, reserved 1179648K
  class space    used 10297K, committed 10624K, reserved 1048576K
}

