# JRE version: Java(TM) SE Runtime Environment (21.0.4+8) (build 21.0.4+8-LTS-274)
# Java VM: Java HotSpot(TM) 64-Bit Server VM (21.0.4+8-LTS-274, mixed mode, emulated-client, sharing, tiered, compressed oops, compressed class ptrs, g1 gc, windows-amd64)
GC Precious Log:
 CardTable entry size: 512
 Card Set container configuration: InlinePtr #cards 4 size 8 Array Of Cards #cards 64 size 144 Howl #buckets 8 coarsen threshold 14745 Howl Bitmap #cards 2048 size 272 coarsen threshold 1843 Card regions per heap region 1 cards per card region 16384
 CPUs: 20 total, 20 available
 Memory: 40600M
 Large Page Support: Disabled
 NUMA Support: Disabled
 Compressed Oops: Enabled (Zero based)
 Heap Region Size: 8M
 Heap Min Capacity: 8M
 Heap Initial Capacity: 640M
 Heap Max Capacity: 10152M
 Pre-touch: Disabled
 Parallel Workers: 15
 Concurrent Workers: 4
 Concurrent Refinement Workers: 15
 Periodic GC: Disabled
Heap:
 garbage-first heap   total 114688K, used 66398K [0x0000000585800000, 0x0000000800000000)
  region size 8192K, 5 young (40960K), 1 survivors (8192K)
 Metaspace       used 78775K, committed 79616K, reserved 1179648K
  class space    used 10311K, committed 10688K, reserved 1048576K
GC Heap History (20 events):
Event: 1.358 GC heap before
{Heap before GC invocations=2 (full 0):
 garbage-first heap   total 655360K, used 36946K [0x0000000585800000, 0x0000000800000000)
  region size 8192K, 5 young (40960K), 1 survivors (8192K)
 Metaspace       used 15437K, committed 15936K, reserved 1114112K
  class space    used 2006K, committed 2240K, reserved 1048576K
}
Event: 1.360 GC heap after
{Heap after GC invocations=3 (full 0):
 garbage-first heap   total 655360K, used 13951K [0x0000000585800000, 0x0000000800000000)
  region size 8192K, 1 young (8192K), 1 survivors (8192K)
 Metaspace       used 15437K, committed 15936K, reserved 1114112K
  class space    used 2006K, committed 2240K, reserved 1048576K
}
Event: 1.960 GC heap before
{Heap before GC invocations=4 (full 0):
 garbage-first heap   total 114688K, used 63103K [0x0000000585800000, 0x0000000800000000)
  region size 8192K, 8 young (65536K), 1 survivors (8192K)
 Metaspace       used 22010K, committed 22528K, reserved 1114112K
  class space    used 2881K, committed 3136K, reserved 1048576K
}
Event: 1.963 GC heap after
{Heap after GC invocations=5 (full 0):
 garbage-first heap   total 114688K, used 19038K [0x0000000585800000, 0x0000000800000000)
  region size 8192K, 1 young (8192K), 1 survivors (8192K)
 Metaspace       used 22010K, committed 22528K, reserved 1114112K
  class space    used 2881K, committed 3136K, reserved 1048576K
}
Event: 2.471 GC heap before
{Heap before GC invocations=5 (full 0):
 garbage-first heap   total 114688K, used 59998K [0x0000000585800000, 0x0000000800000000)
  region size 8192K, 7 young (57344K), 1 survivors (8192K)
 Metaspace       used 26069K, committed 26560K, reserved 1114112K
  class space    used 3481K, committed 3712K, reserved 1048576K
}
Event: 2.475 GC heap after
{Heap after GC invocations=6 (full 0):
 garbage-first heap   total 114688K, used 21423K [0x0000000585800000, 0x0000000800000000)
  region size 8192K, 1 young (8192K), 1 survivors (8192K)
 Metaspace       used 26069K, committed 26560K, reserved 1114112K
  class space    used 3481K, committed 3712K, reserved 1048576K
}
Event: 2.516 GC heap before
{Heap before GC invocations=6 (full 0):
 garbage-first heap   total 114688K, used 21423K [0x0000000585800000, 0x0000000800000000)
  region size 8192K, 2 young (16384K), 1 survivors (8192K)
 Metaspace       used 26389K, committed 26880K, reserved 1114112K
  class space    used 3539K, committed 3776K, reserved 1048576K
}
Event: 2.517 GC heap after
{Heap after GC invocations=7 (full 0):
 garbage-first heap   total 114688K, used 21572K [0x0000000585800000, 0x0000000800000000)
  region size 8192K, 1 young (8192K), 1 survivors (8192K)
 Metaspace       used 26389K, committed 26880K, reserved 1114112K
  class space    used 3539K, committed 3776K, reserved 1048576K
}
Event: 3.252 GC heap before
{Heap before GC invocations=8 (full 0):
 garbage-first heap   total 114688K, used 78916K [0x0000000585800000, 0x0000000800000000)
  region size 8192K, 8 young (65536K), 1 survivors (8192K)
 Metaspace       used 33025K, committed 33664K, reserved 1114112K
  class space    used 4381K, committed 4672K, reserved 1048576K
}
Event: 3.255 GC heap after
{Heap after GC invocations=9 (full 0):
 garbage-first heap   total 114688K, used 26263K [0x0000000585800000, 0x0000000800000000)
  region size 8192K, 1 young (8192K), 1 survivors (8192K)
 Metaspace       used 33025K, committed 33664K, reserved 1114112K
  class space    used 4381K, committed 4672K, reserved 1048576K
}
Event: 4.142 GC heap before
{Heap before GC invocations=9 (full 0):
 garbage-first heap   total 114688K, used 67223K [0x0000000585800000, 0x0000000800000000)
  region size 8192K, 7 young (57344K), 1 survivors (8192K)
 Metaspace       used 44352K, committed 44928K, reserved 1114112K
  class space    used 5937K, committed 6208K, reserved 1048576K
}
Event: 4.147 GC heap after
{Heap after GC invocations=10 (full 0):
 garbage-first heap   total 114688K, used 28810K [0x0000000585800000, 0x0000000800000000)
  region size 8192K, 1 young (8192K), 1 survivors (8192K)
 Metaspace       used 44352K, committed 44928K, reserved 1114112K
  class space    used 5937K, committed 6208K, reserved 1048576K
}
Event: 5.211 GC heap before
{Heap before GC invocations=11 (full 0):
 garbage-first heap   total 114688K, used 86154K [0x0000000585800000, 0x0000000800000000)
  region size 8192K, 8 young (65536K), 1 survivors (8192K)
 Metaspace       used 57740K, committed 58432K, reserved 1114112K
  class space    used 7863K, committed 8192K, reserved 1048576K
}
Event: 5.214 GC heap after
{Heap after GC invocations=12 (full 0):
 garbage-first heap   total 114688K, used 31943K [0x0000000585800000, 0x0000000800000000)
  region size 8192K, 1 young (8192K), 1 survivors (8192K)
 Metaspace       used 57740K, committed 58432K, reserved 1114112K
  class space    used 7863K, committed 8192K, reserved 1048576K
}
Event: 6.012 GC heap before
{Heap before GC invocations=12 (full 0):
 garbage-first heap   total 114688K, used 89287K [0x0000000585800000, 0x0000000800000000)
  region size 8192K, 8 young (65536K), 1 survivors (8192K)
 Metaspace       used 66361K, committed 67136K, reserved 1114112K
  class space    used 8939K, committed 9280K, reserved 1048576K
}
Event: 6.016 GC heap after
{Heap after GC invocations=13 (full 0):
 garbage-first heap   total 114688K, used 35357K [0x0000000585800000, 0x0000000800000000)
  region size 8192K, 1 young (8192K), 1 survivors (8192K)
 Metaspace       used 66361K, committed 67136K, reserved 1114112K
  class space    used 8939K, committed 9280K, reserved 1048576K
}
Event: 14.513 GC heap before
{Heap before GC invocations=13 (full 0):
 garbage-first heap   total 114688K, used 92701K [0x0000000585800000, 0x0000000800000000)
  region size 8192K, 8 young (65536K), 1 survivors (8192K)
 Metaspace       used 69916K, committed 70720K, reserved 1114112K
  class space    used 9451K, committed 9792K, reserved 1048576K
}
Event: 14.516 GC heap after
{Heap after GC invocations=14 (full 0):
 garbage-first heap   total 114688K, used 39462K [0x0000000585800000, 0x0000000800000000)
  region size 8192K, 1 young (8192K), 1 survivors (8192K)
 Metaspace       used 69916K, committed 70720K, reserved 1114112K
  class space    used 9451K, committed 9792K, reserved 1048576K
}
Event: 28.255 GC heap before
{Heap before GC invocations=14 (full 0):
 garbage-first heap   total 114688K, used 80422K [0x0000000585800000, 0x0000000800000000)
  region size 8192K, 7 young (57344K), 1 survivors (8192K)
 Metaspace       used 74391K, committed 75200K, reserved 1114112K
  class space    used 9856K, committed 10176K, reserved 1048576K
}
Event: 28.259 GC heap after
{Heap after GC invocations=15 (full 0):
 garbage-first heap   total 114688K, used 41822K [0x0000000585800000, 0x0000000800000000)
  region size 8192K, 1 young (8192K), 1 survivors (8192K)
 Metaspace       used 74391K, committed 75200K, reserved 1114112K
  class space    used 9856K, committed 10176K, reserved 1048576K
}

