# JRE version: Java(TM) SE Runtime Environment (21.0.4+8) (build 21.0.4+8-LTS-274)
# Java VM: Java HotSpot(TM) 64-Bit Server VM (21.0.4+8-LTS-274, mixed mode, emulated-client, sharing, tiered, compressed oops, compressed class ptrs, g1 gc, windows-amd64)
GC Precious Log:
 CardTable entry size: 512
 Card Set container configuration: InlinePtr #cards 4 size 8 Array Of Cards #cards 64 size 144 Howl #buckets 8 coarsen threshold 14745 Howl Bitmap #cards 2048 size 272 coarsen threshold 1843 Card regions per heap region 1 cards per card region 16384
 CPUs: 20 total, 20 available
 Memory: 40600M
 Large Page Support: Disabled
 NUMA Support: Disabled
 Compressed Oops: Enabled (Zero based)
 Heap Region Size: 8M
 Heap Min Capacity: 8M
 Heap Initial Capacity: 640M
 Heap Max Capacity: 10152M
 Pre-touch: Disabled
 Parallel Workers: 15
 Concurrent Workers: 4
 Concurrent Refinement Workers: 15
 Periodic GC: Disabled
Heap:
 garbage-first heap   total 385024K, used 152164K [0x0000000585800000, 0x0000000800000000)
  region size 8192K, 17 young (139264K), 1 survivors (8192K)
 Metaspace       used 78859K, committed 79680K, reserved 1179648K
  class space    used 10312K, committed 10688K, reserved 1048576K
GC Heap History (20 events):
Event: 0.896 GC heap before
{Heap before GC invocations=2 (full 0):
 garbage-first heap   total 655360K, used 12757K [0x0000000585800000, 0x0000000800000000)
  region size 8192K, 2 young (16384K), 1 survivors (8192K)
 Metaspace       used 11250K, committed 11648K, reserved 1114112K
  class space    used 1464K, committed 1664K, reserved 1048576K
}
Event: 0.897 GC heap after
{Heap after GC invocations=3 (full 0):
 garbage-first heap   total 655360K, used 12975K [0x0000000585800000, 0x0000000800000000)
  region size 8192K, 1 young (8192K), 1 survivors (8192K)
 Metaspace       used 11250K, committed 11648K, reserved 1114112K
  class space    used 1464K, committed 1664K, reserved 1048576K
}
Event: 1.293 GC heap before
{Heap before GC invocations=4 (full 0):
 garbage-first heap   total 114688K, used 62127K [0x0000000585800000, 0x0000000800000000)
  region size 8192K, 8 young (65536K), 1 survivors (8192K)
 Metaspace       used 20052K, committed 20480K, reserved 1114112K
  class space    used 2650K, committed 2880K, reserved 1048576K
}
Event: 1.297 GC heap after
{Heap after GC invocations=5 (full 0):
 garbage-first heap   total 114688K, used 17634K [0x0000000585800000, 0x0000000800000000)
  region size 8192K, 1 young (8192K), 1 survivors (8192K)
 Metaspace       used 20052K, committed 20480K, reserved 1114112K
  class space    used 2650K, committed 2880K, reserved 1048576K
}
Event: 1.421 GC heap before
{Heap before GC invocations=5 (full 0):
 garbage-first heap   total 114688K, used 17634K [0x0000000585800000, 0x0000000800000000)
  region size 8192K, 2 young (16384K), 1 survivors (8192K)
 Metaspace       used 21013K, committed 21504K, reserved 1114112K
  class space    used 2755K, committed 3008K, reserved 1048576K
}
Event: 1.426 GC heap after
{Heap after GC invocations=6 (full 0):
 garbage-first heap   total 114688K, used 18595K [0x0000000585800000, 0x0000000800000000)
  region size 8192K, 1 young (8192K), 1 survivors (8192K)
 Metaspace       used 21013K, committed 21504K, reserved 1114112K
  class space    used 2755K, committed 3008K, reserved 1048576K
}
Event: 1.481 GC heap before
{Heap before GC invocations=6 (full 0):
 garbage-first heap   total 114688K, used 18595K [0x0000000585800000, 0x0000000800000000)
  region size 8192K, 2 young (16384K), 1 survivors (8192K)
 Metaspace       used 21377K, committed 21824K, reserved 1114112K
  class space    used 2798K, committed 3008K, reserved 1048576K
}
Event: 1.482 GC heap after
{Heap after GC invocations=7 (full 0):
 garbage-first heap   total 114688K, used 18417K [0x0000000585800000, 0x0000000800000000)
  region size 8192K, 1 young (8192K), 1 survivors (8192K)
 Metaspace       used 21377K, committed 21824K, reserved 1114112K
  class space    used 2798K, committed 3008K, reserved 1048576K
}
Event: 2.223 GC heap before
{Heap before GC invocations=8 (full 0):
 garbage-first heap   total 114688K, used 75761K [0x0000000585800000, 0x0000000800000000)
  region size 8192K, 8 young (65536K), 1 survivors (8192K)
 Metaspace       used 26618K, committed 27200K, reserved 1114112K
  class space    used 3593K, committed 3840K, reserved 1048576K
}
Event: 2.226 GC heap after
{Heap after GC invocations=9 (full 0):
 garbage-first heap   total 114688K, used 22589K [0x0000000585800000, 0x0000000800000000)
  region size 8192K, 1 young (8192K), 1 survivors (8192K)
 Metaspace       used 26618K, committed 27200K, reserved 1114112K
  class space    used 3593K, committed 3840K, reserved 1048576K
}
Event: 2.804 GC heap before
{Heap before GC invocations=9 (full 0):
 garbage-first heap   total 114688K, used 71741K [0x0000000585800000, 0x0000000800000000)
  region size 8192K, 8 young (65536K), 1 survivors (8192K)
 Metaspace       used 33066K, committed 33664K, reserved 1114112K
  class space    used 4381K, committed 4672K, reserved 1048576K
}
Event: 2.808 GC heap after
{Heap after GC invocations=10 (full 0):
 garbage-first heap   total 114688K, used 26637K [0x0000000585800000, 0x0000000800000000)
  region size 8192K, 1 young (8192K), 1 survivors (8192K)
 Metaspace       used 33066K, committed 33664K, reserved 1114112K
  class space    used 4381K, committed 4672K, reserved 1048576K
}
Event: 3.057 GC heap before
{Heap before GC invocations=10 (full 0):
 garbage-first heap   total 114688K, used 34829K [0x0000000585800000, 0x0000000800000000)
  region size 8192K, 3 young (24576K), 1 survivors (8192K)
 Metaspace       used 35896K, committed 36480K, reserved 1114112K
  class space    used 4778K, committed 5056K, reserved 1048576K
}
Event: 3.061 GC heap after
{Heap after GC invocations=11 (full 0):
 garbage-first heap   total 114688K, used 28238K [0x0000000585800000, 0x0000000800000000)
  region size 8192K, 1 young (8192K), 1 survivors (8192K)
 Metaspace       used 35896K, committed 36480K, reserved 1114112K
  class space    used 4778K, committed 5056K, reserved 1048576K
}
Event: 3.982 GC heap before
{Heap before GC invocations=12 (full 0):
 garbage-first heap   total 114688K, used 85582K [0x0000000585800000, 0x0000000800000000)
  region size 8192K, 8 young (65536K), 1 survivors (8192K)
 Metaspace       used 50460K, committed 51200K, reserved 1114112K
  class space    used 6715K, committed 7040K, reserved 1048576K
}
Event: 3.985 GC heap after
{Heap after GC invocations=13 (full 0):
 garbage-first heap   total 114688K, used 32082K [0x0000000585800000, 0x0000000800000000)
  region size 8192K, 1 young (8192K), 1 survivors (8192K)
 Metaspace       used 50460K, committed 51200K, reserved 1114112K
  class space    used 6715K, committed 7040K, reserved 1048576K
}
Event: 4.630 GC heap before
{Heap before GC invocations=13 (full 0):
 garbage-first heap   total 114688K, used 73042K [0x0000000585800000, 0x0000000800000000)
  region size 8192K, 7 young (57344K), 1 survivors (8192K)
 Metaspace       used 60338K, committed 61056K, reserved 1114112K
  class space    used 8261K, committed 8576K, reserved 1048576K
}
Event: 4.633 GC heap after
{Heap after GC invocations=14 (full 0):
 garbage-first heap   total 114688K, used 34072K [0x0000000585800000, 0x0000000800000000)
  region size 8192K, 1 young (8192K), 1 survivors (8192K)
 Metaspace       used 60338K, committed 61056K, reserved 1114112K
  class space    used 8261K, committed 8576K, reserved 1048576K
}
Event: 5.393 GC heap before
{Heap before GC invocations=15 (full 0):
 garbage-first heap   total 114688K, used 91416K [0x0000000585800000, 0x0000000800000000)
  region size 8192K, 8 young (65536K), 1 survivors (8192K)
 Metaspace       used 66340K, committed 67136K, reserved 1114112K
  class space    used 8982K, committed 9344K, reserved 1048576K
}
Event: 5.398 GC heap after
{Heap after GC invocations=16 (full 0):
 garbage-first heap   total 385024K, used 37476K [0x0000000585800000, 0x0000000800000000)
  region size 8192K, 1 young (8192K), 1 survivors (8192K)
 Metaspace       used 66340K, committed 67136K, reserved 1114112K
  class space    used 8982K, committed 9344K, reserved 1048576K
}

